[debug] [2025-04-25T12:11:00.673Z] ----------------------------------------------------------------------
[debug] [2025-04-25T12:11:00.675Z] Command:       C:\Program Files\nodejs\node.exe C:\Users\Sly\AppData\Roaming\npm\node_modules\firebase-tools\lib\bin\firebase.js apps:android:sha:list android.app.vegavision --project vega-vision-da813
[debug] [2025-04-25T12:11:00.675Z] CLI Version:   14.2.1
[debug] [2025-04-25T12:11:00.676Z] Platform:      win32
[debug] [2025-04-25T12:11:00.676Z] Node Version:  v22.13.1
[debug] [2025-04-25T12:11:00.676Z] Time:          Fri Apr 25 2025 22:11:00 GMT+1000 (Australian Eastern Standard Time)
[debug] [2025-04-25T12:11:00.676Z] ----------------------------------------------------------------------
[debug] 
[debug] [2025-04-25T12:11:00.851Z] Object "" in "firebase.json" has unknown property: {"additionalProperty":"flutter"}
[debug] [2025-04-25T12:11:00.855Z] > command requires scopes: ["email","openid","https://www.googleapis.com/auth/cloudplatformprojects.readonly","https://www.googleapis.com/auth/firebase","https://www.googleapis.com/auth/cloud-platform"]
[debug] [2025-04-25T12:11:00.855Z] > authorizing via signed-in user (slyslayerfx@gmail.com)
[debug] [2025-04-25T12:11:00.858Z] Checked if tokens are valid: true, expires at: 1745586257946
[debug] [2025-04-25T12:11:00.858Z] Checked if tokens are valid: true, expires at: 1745586257946
[debug] [2025-04-25T12:11:00.859Z] >>> [apiv2][query] GET https://firebase.googleapis.com/v1beta1/projects/vega-vision-da813/androidApps/android.app.vegavision/sha [none]
[debug] [2025-04-25T12:11:01.223Z] <<< [apiv2][status] GET https://firebase.googleapis.com/v1beta1/projects/vega-vision-da813/androidApps/android.app.vegavision/sha 400
[debug] [2025-04-25T12:11:01.223Z] <<< [apiv2][body] GET https://firebase.googleapis.com/v1beta1/projects/vega-vision-da813/androidApps/android.app.vegavision/sha {"error":{"code":400,"message":"Request contains an invalid argument.","status":"INVALID_ARGUMENT"}}
[debug] [2025-04-25T12:11:01.223Z] Request to https://firebase.googleapis.com/v1beta1/projects/vega-vision-da813/androidApps/android.app.vegavision/sha had HTTP Error: 400, Request contains an invalid argument.
[debug] [2025-04-25T12:11:01.484Z] FirebaseError: Request to https://firebase.googleapis.com/v1beta1/projects/vega-vision-da813/androidApps/android.app.vegavision/sha had HTTP Error: 400, Request contains an invalid argument.
    at responseToError (C:\Users\Sly\AppData\Roaming\npm\node_modules\firebase-tools\lib\responseToError.js:52:12)
    at RetryOperation._fn (C:\Users\Sly\AppData\Roaming\npm\node_modules\firebase-tools\lib\apiv2.js:312:77)
    at process.processTicksAndRejections (node:internal/process/task_queues:105:5)
[error] 
[error] Error: Failed to list SHA certificate hashes for Android app android.app.vegavision. See firebase-debug.log for more info.
